android/app/build/intermediates/manifest_merge_blame_file/debug/processDebugMainManifest/manifest-merger-blame-debug-report.txt
1<?xml version="1.0" encoding="utf-8"?>
2<manifest xmlns:android="http://schemas.android.com/apk/res/android"
3    package="com.example.mssyb"
4    android:versionCode="2"
5    android:versionName="1.0.1" >
6
7    <uses-sdk
8        android:minSdkVersion="24"
9        android:targetSdkVersion="36" />
10    <!--
11         The INTERNET permission is required for development. Specifically,
12         the Flutter tool needs it to communicate with the running application
13         to allow setting breakpoints, to provide hot reload, etc.
14    -->
15    <uses-permission android:name="android.permission.INTERNET" />
15-->src\debug\AndroidManifest.xml:6:5-66
15-->src\debug\AndroidManifest.xml:6:22-64
16    <!--
17     Required to query activities that can process text, see:
18         https://developer.android.com/training/package-visibility and
19         https://developer.android.com/reference/android/content/Intent#ACTION_PROCESS_TEXT.
20
21         In particular, this is used by the Flutter engine in io.flutter.plugin.text.ProcessTextPlugin.
22    -->
23    <queries>
23-->src\main\AndroidManifest.xml:39:5-44:15
24        <intent>
24-->src\main\AndroidManifest.xml:40:9-43:18
25            <action android:name="android.intent.action.PROCESS_TEXT" />
25-->src\main\AndroidManifest.xml:41:13-72
25-->src\main\AndroidManifest.xml:41:21-70
26
27            <data android:mimeType="text/plain" />
27-->src\main\AndroidManifest.xml:42:13-50
27-->src\main\AndroidManifest.xml:42:19-48
28        </intent>
29        <!-- Needs to be explicitly declared on Android R+ -->
30        <package android:name="com.google.android.apps.maps" />
30-->[com.google.android.gms:play-services-maps:19.2.0] AndroidManifest.xml:29:7-61
30-->[com.google.android.gms:play-services-maps:19.2.0] AndroidManifest.xml:29:16-59
31    </queries>
32
33    <uses-permission android:name="android.permission.ACCESS_NETWORK_STATE" />
33-->[:connectivity_plus] AndroidManifest.xml:7:5-79
33-->[:connectivity_plus] AndroidManifest.xml:7:22-76
34    <uses-permission android:name="android.permission.WAKE_LOCK" /> <!-- Permissions options for the `notification` group -->
34-->[:firebase_messaging] AndroidManifest.xml:8:5-68
34-->[:firebase_messaging] AndroidManifest.xml:8:22-65
35    <uses-permission android:name="android.permission.POST_NOTIFICATIONS" />
35-->[:firebase_messaging] AndroidManifest.xml:11:5-77
35-->[:firebase_messaging] AndroidManifest.xml:11:22-74
36    <uses-permission android:name="android.permission.VIBRATE" />
36-->[:flutter_local_notifications] AndroidManifest.xml:7:5-66
36-->[:flutter_local_notifications] AndroidManifest.xml:7:22-63
37
38    <uses-feature
38-->[com.google.android.gms:play-services-maps:19.2.0] AndroidManifest.xml:22:5-24:33
39        android:glEsVersion="0x00020000"
39-->[com.google.android.gms:play-services-maps:19.2.0] AndroidManifest.xml:23:8-40
40        android:required="true" /> <!-- Required by older versions of Google Play services to create IID tokens -->
40-->[com.google.android.gms:play-services-maps:19.2.0] AndroidManifest.xml:24:8-31
41    <uses-permission android:name="com.google.android.c2dm.permission.RECEIVE" />
41-->[com.google.firebase:firebase-messaging:25.0.0] AndroidManifest.xml:26:5-82
41-->[com.google.firebase:firebase-messaging:25.0.0] AndroidManifest.xml:26:22-79
42    <uses-permission android:name="com.google.android.finsky.permission.BIND_GET_INSTALL_REFERRER_SERVICE" />
42-->[com.google.android.gms:play-services-measurement:23.0.0] AndroidManifest.xml:26:5-110
42-->[com.google.android.gms:play-services-measurement:23.0.0] AndroidManifest.xml:26:22-107
43    <uses-permission android:name="com.google.android.gms.permission.AD_ID" />
43-->[com.google.android.gms:play-services-measurement-impl:23.0.0] AndroidManifest.xml:27:5-79
43-->[com.google.android.gms:play-services-measurement-impl:23.0.0] AndroidManifest.xml:27:22-76
44    <uses-permission android:name="android.permission.ACCESS_ADSERVICES_ATTRIBUTION" />
44-->[com.google.android.gms:play-services-measurement-api:23.0.0] AndroidManifest.xml:26:5-88
44-->[com.google.android.gms:play-services-measurement-api:23.0.0] AndroidManifest.xml:26:22-85
45    <uses-permission android:name="android.permission.ACCESS_ADSERVICES_AD_ID" />
45-->[com.google.android.gms:play-services-measurement-api:23.0.0] AndroidManifest.xml:27:5-82
45-->[com.google.android.gms:play-services-measurement-api:23.0.0] AndroidManifest.xml:27:22-79
46    <uses-permission android:name="com.google.android.providers.gsf.permission.READ_GSERVICES" />
46-->[com.google.android.recaptcha:recaptcha:18.6.1] AndroidManifest.xml:9:5-98
46-->[com.google.android.recaptcha:recaptcha:18.6.1] AndroidManifest.xml:9:22-95
47
48    <permission
48-->[androidx.core:core:1.16.0] AndroidManifest.xml:22:5-24:47
49        android:name="com.example.mssyb.DYNAMIC_RECEIVER_NOT_EXPORTED_PERMISSION"
49-->[androidx.core:core:1.16.0] AndroidManifest.xml:23:9-81
50        android:protectionLevel="signature" />
50-->[androidx.core:core:1.16.0] AndroidManifest.xml:24:9-44
51
52    <uses-permission android:name="com.example.mssyb.DYNAMIC_RECEIVER_NOT_EXPORTED_PERMISSION" />
52-->[androidx.core:core:1.16.0] AndroidManifest.xml:26:5-97
52-->[androidx.core:core:1.16.0] AndroidManifest.xml:26:22-94
53
54    <application
55        android:name="android.app.Application"
56        android:appComponentFactory="androidx.core.app.CoreComponentFactory"
56-->[androidx.core:core:1.16.0] AndroidManifest.xml:28:18-86
57        android:debuggable="true"
58        android:extractNativeLibs="false"
59        android:icon="@mipmap/ic_launcher"
60        android:label="مسيباوي" >
61        <activity
62            android:name="com.example.mssyb.MainActivity"
63            android:configChanges="orientation|keyboardHidden|keyboard|screenSize|smallestScreenSize|locale|layoutDirection|fontScale|screenLayout|density|uiMode"
64            android:exported="true"
65            android:hardwareAccelerated="true"
66            android:launchMode="singleTop"
67            android:taskAffinity=""
68            android:theme="@style/LaunchTheme"
69            android:windowSoftInputMode="adjustResize" >
70
71            <!--
72                 Specifies an Android theme to apply to this Activity as soon as
73                 the Android process has started. This theme is visible to the user
74                 while the Flutter UI initializes. After that, this theme continues
75                 to determine the Window background behind the Flutter UI.
76            -->
77            <meta-data
78                android:name="io.flutter.embedding.android.NormalTheme"
79                android:resource="@style/NormalTheme" />
80
81            <intent-filter>
82                <action android:name="android.intent.action.MAIN" />
83
84                <category android:name="android.intent.category.LAUNCHER" />
85            </intent-filter>
86        </activity>
87        <!--
88             Don't delete the meta-data below.
89             This is used by the Flutter tool to generate GeneratedPluginRegistrant.java
90        -->
91        <meta-data
92            android:name="flutterEmbedding"
93            android:value="2" />
94
95        <service
95-->[:cloud_firestore] AndroidManifest.xml:8:9-12:19
96            android:name="com.google.firebase.components.ComponentDiscoveryService"
96-->[:cloud_firestore] AndroidManifest.xml:8:18-89
97            android:directBootAware="true"
97-->[com.google.firebase:firebase-common:22.0.0] AndroidManifest.xml:32:13-43
98            android:exported="false" >
98-->[com.google.firebase:firebase-auth-ktx:22.1.1] AndroidManifest.xml:10:13-37
99            <meta-data
99-->[:cloud_firestore] AndroidManifest.xml:9:13-11:85
100                android:name="com.google.firebase.components:io.flutter.plugins.firebase.firestore.FlutterFirebaseFirestoreRegistrar"
100-->[:cloud_firestore] AndroidManifest.xml:10:17-134
101                android:value="com.google.firebase.components.ComponentRegistrar" />
101-->[:cloud_firestore] AndroidManifest.xml:11:17-82
102            <meta-data
102-->[:firebase_auth] AndroidManifest.xml:9:13-11:85
103                android:name="com.google.firebase.components:io.flutter.plugins.firebase.auth.FlutterFirebaseAuthRegistrar"
103-->[:firebase_auth] AndroidManifest.xml:10:17-124
104                android:value="com.google.firebase.components.ComponentRegistrar" />
104-->[:firebase_auth] AndroidManifest.xml:11:17-82
105            <meta-data
105-->[:firebase_database] AndroidManifest.xml:9:13-11:85
106                android:name="com.google.firebase.components:io.flutter.plugins.firebase.database.FlutterFirebaseAppRegistrar"
106-->[:firebase_database] AndroidManifest.xml:10:17-127
107                android:value="com.google.firebase.components.ComponentRegistrar" />
107-->[:firebase_database] AndroidManifest.xml:11:17-82
108            <meta-data
108-->[:firebase_messaging] AndroidManifest.xml:36:13-38:85
109                android:name="com.google.firebase.components:io.flutter.plugins.firebase.messaging.FlutterFirebaseAppRegistrar"
109-->[:firebase_messaging] AndroidManifest.xml:37:17-128
110                android:value="com.google.firebase.components.ComponentRegistrar" />
110-->[:firebase_messaging] AndroidManifest.xml:38:17-82
111            <meta-data
111-->[:firebase_storage] AndroidManifest.xml:9:13-11:85
112                android:name="com.google.firebase.components:io.flutter.plugins.firebase.storage.FlutterFirebaseAppRegistrar"
112-->[:firebase_storage] AndroidManifest.xml:10:17-126
113                android:value="com.google.firebase.components.ComponentRegistrar" />
113-->[:firebase_storage] AndroidManifest.xml:11:17-82
114            <meta-data
114-->[:firebase_core] AndroidManifest.xml:9:13-11:85
115                android:name="com.google.firebase.components:io.flutter.plugins.firebase.core.FlutterFirebaseCoreRegistrar"
115-->[:firebase_core] AndroidManifest.xml:10:17-124
116                android:value="com.google.firebase.components.ComponentRegistrar" />
116-->[:firebase_core] AndroidManifest.xml:11:17-82
117            <meta-data
117-->[com.google.firebase:firebase-auth-ktx:22.1.1] AndroidManifest.xml:11:13-13:85
118                android:name="com.google.firebase.components:com.google.firebase.auth.ktx.FirebaseAuthKtxRegistrar"
118-->[com.google.firebase:firebase-auth-ktx:22.1.1] AndroidManifest.xml:12:17-116
119                android:value="com.google.firebase.components.ComponentRegistrar" />
119-->[com.google.firebase:firebase-auth-ktx:22.1.1] AndroidManifest.xml:13:17-82
120            <meta-data
120-->[com.google.firebase:firebase-firestore-ktx:24.6.0] AndroidManifest.xml:14:13-16:85
121                android:name="com.google.firebase.components:com.google.firebase.firestore.ktx.FirebaseFirestoreKtxRegistrar"
121-->[com.google.firebase:firebase-firestore-ktx:24.6.0] AndroidManifest.xml:15:17-126
122                android:value="com.google.firebase.components.ComponentRegistrar" />
122-->[com.google.firebase:firebase-firestore-ktx:24.6.0] AndroidManifest.xml:16:17-82
123            <meta-data
123-->[com.google.firebase:firebase-auth:24.0.1] AndroidManifest.xml:69:13-71:85
124                android:name="com.google.firebase.components:com.google.firebase.auth.FirebaseAuthRegistrar"
124-->[com.google.firebase:firebase-auth:24.0.1] AndroidManifest.xml:70:17-109
125                android:value="com.google.firebase.components.ComponentRegistrar" />
125-->[com.google.firebase:firebase-auth:24.0.1] AndroidManifest.xml:71:17-82
126            <meta-data
126-->[com.google.firebase:firebase-database:22.0.0] AndroidManifest.xml:29:13-31:85
127                android:name="com.google.firebase.components:com.google.firebase.database.FirebaseDatabaseKtxRegistrar"
127-->[com.google.firebase:firebase-database:22.0.0] AndroidManifest.xml:30:17-120
128                android:value="com.google.firebase.components.ComponentRegistrar" />
128-->[com.google.firebase:firebase-database:22.0.0] AndroidManifest.xml:31:17-82
129            <meta-data
129-->[com.google.firebase:firebase-database:22.0.0] AndroidManifest.xml:32:13-34:85
130                android:name="com.google.firebase.components:com.google.firebase.database.DatabaseRegistrar"
130-->[com.google.firebase:firebase-database:22.0.0] AndroidManifest.xml:33:17-109
131                android:value="com.google.firebase.components.ComponentRegistrar" />
131-->[com.google.firebase:firebase-database:22.0.0] AndroidManifest.xml:34:17-82
132            <meta-data
132-->[com.google.firebase:firebase-firestore:26.0.0] AndroidManifest.xml:17:13-19:85
133                android:name="com.google.firebase.components:com.google.firebase.firestore.FirebaseFirestoreKtxRegistrar"
133-->[com.google.firebase:firebase-firestore:26.0.0] AndroidManifest.xml:18:17-122
134                android:value="com.google.firebase.components.ComponentRegistrar" />
134-->[com.google.firebase:firebase-firestore:26.0.0] AndroidManifest.xml:19:17-82
135            <meta-data
135-->[com.google.firebase:firebase-firestore:26.0.0] AndroidManifest.xml:20:13-22:85
136                android:name="com.google.firebase.components:com.google.firebase.firestore.FirestoreRegistrar"
136-->[com.google.firebase:firebase-firestore:26.0.0] AndroidManifest.xml:21:17-111
137                android:value="com.google.firebase.components.ComponentRegistrar" />
137-->[com.google.firebase:firebase-firestore:26.0.0] AndroidManifest.xml:22:17-82
138            <meta-data
138-->[com.google.firebase:firebase-messaging-ktx:23.3.0] AndroidManifest.xml:26:13-28:85
139                android:name="com.google.firebase.components:com.google.firebase.messaging.ktx.FirebaseMessagingLegacyRegistrar"
139-->[com.google.firebase:firebase-messaging-ktx:23.3.0] AndroidManifest.xml:27:17-129
140                android:value="com.google.firebase.components.ComponentRegistrar" />
140-->[com.google.firebase:firebase-messaging-ktx:23.3.0] AndroidManifest.xml:28:17-82
141            <meta-data
141-->[com.google.firebase:firebase-messaging:25.0.0] AndroidManifest.xml:57:13-59:85
142                android:name="com.google.firebase.components:com.google.firebase.messaging.FirebaseMessagingKtxRegistrar"
142-->[com.google.firebase:firebase-messaging:25.0.0] AndroidManifest.xml:58:17-122
143                android:value="com.google.firebase.components.ComponentRegistrar" />
143-->[com.google.firebase:firebase-messaging:25.0.0] AndroidManifest.xml:59:17-82
144            <meta-data
144-->[com.google.firebase:firebase-messaging:25.0.0] AndroidManifest.xml:60:13-62:85
145                android:name="com.google.firebase.components:com.google.firebase.messaging.FirebaseMessagingRegistrar"
145-->[com.google.firebase:firebase-messaging:25.0.0] AndroidManifest.xml:61:17-119
146                android:value="com.google.firebase.components.ComponentRegistrar" />
146-->[com.google.firebase:firebase-messaging:25.0.0] AndroidManifest.xml:62:17-82
147            <meta-data
147-->[com.google.firebase:firebase-storage:22.0.0] AndroidManifest.xml:30:13-32:85
148                android:name="com.google.firebase.components:com.google.firebase.storage.FirebaseStorageKtxRegistrar"
148-->[com.google.firebase:firebase-storage:22.0.0] AndroidManifest.xml:31:17-118
149                android:value="com.google.firebase.components.ComponentRegistrar" />
149-->[com.google.firebase:firebase-storage:22.0.0] AndroidManifest.xml:32:17-82
150            <meta-data
150-->[com.google.firebase:firebase-storage:22.0.0] AndroidManifest.xml:33:13-35:85
151                android:name="com.google.firebase.components:com.google.firebase.storage.StorageRegistrar"
151-->[com.google.firebase:firebase-storage:22.0.0] AndroidManifest.xml:34:17-107
152                android:value="com.google.firebase.components.ComponentRegistrar" />
152-->[com.google.firebase:firebase-storage:22.0.0] AndroidManifest.xml:35:17-82
153            <meta-data
153-->[com.google.firebase:firebase-appcheck:19.0.0] AndroidManifest.xml:25:13-27:85
154                android:name="com.google.firebase.components:com.google.firebase.appcheck.FirebaseAppCheckKtxRegistrar"
154-->[com.google.firebase:firebase-appcheck:19.0.0] AndroidManifest.xml:26:17-120
155                android:value="com.google.firebase.components.ComponentRegistrar" />
155-->[com.google.firebase:firebase-appcheck:19.0.0] AndroidManifest.xml:27:17-82
156            <meta-data
156-->[com.google.firebase:firebase-appcheck:19.0.0] AndroidManifest.xml:28:13-30:85
157                android:name="com.google.firebase.components:com.google.firebase.appcheck.FirebaseAppCheckRegistrar"
157-->[com.google.firebase:firebase-appcheck:19.0.0] AndroidManifest.xml:29:17-117
158                android:value="com.google.firebase.components.ComponentRegistrar" />
158-->[com.google.firebase:firebase-appcheck:19.0.0] AndroidManifest.xml:30:17-82
159            <meta-data
159-->[com.google.firebase:firebase-analytics-ktx:21.3.0] AndroidManifest.xml:11:13-13:85
160                android:name="com.google.firebase.components:com.google.firebase.analytics.ktx.FirebaseAnalyticsKtxRegistrar"
160-->[com.google.firebase:firebase-analytics-ktx:21.3.0] AndroidManifest.xml:12:17-126
161                android:value="com.google.firebase.components.ComponentRegistrar" />
161-->[com.google.firebase:firebase-analytics-ktx:21.3.0] AndroidManifest.xml:13:17-82
162            <meta-data
162-->[com.google.firebase:firebase-common-ktx:20.4.2] AndroidManifest.xml:12:13-14:85
163                android:name="com.google.firebase.components:com.google.firebase.ktx.FirebaseCommonLegacyRegistrar"
163-->[com.google.firebase:firebase-common-ktx:20.4.2] AndroidManifest.xml:13:17-116
164                android:value="com.google.firebase.components.ComponentRegistrar" />
164-->[com.google.firebase:firebase-common-ktx:20.4.2] AndroidManifest.xml:14:17-82
165            <meta-data
165-->[com.google.android.gms:play-services-measurement-api:23.0.0] AndroidManifest.xml:33:13-35:85
166                android:name="com.google.firebase.components:com.google.firebase.analytics.connector.internal.AnalyticsConnectorRegistrar"
166-->[com.google.android.gms:play-services-measurement-api:23.0.0] AndroidManifest.xml:34:17-139
167                android:value="com.google.firebase.components.ComponentRegistrar" />
167-->[com.google.android.gms:play-services-measurement-api:23.0.0] AndroidManifest.xml:35:17-82
168            <meta-data
168-->[com.google.firebase:firebase-installations:19.0.0] AndroidManifest.xml:15:13-17:85
169                android:name="com.google.firebase.components:com.google.firebase.installations.FirebaseInstallationsKtxRegistrar"
169-->[com.google.firebase:firebase-installations:19.0.0] AndroidManifest.xml:16:17-130
170                android:value="com.google.firebase.components.ComponentRegistrar" />
170-->[com.google.firebase:firebase-installations:19.0.0] AndroidManifest.xml:17:17-82
171            <meta-data
171-->[com.google.firebase:firebase-installations:19.0.0] AndroidManifest.xml:18:13-20:85
172                android:name="com.google.firebase.components:com.google.firebase.installations.FirebaseInstallationsRegistrar"
172-->[com.google.firebase:firebase-installations:19.0.0] AndroidManifest.xml:19:17-127
173                android:value="com.google.firebase.components.ComponentRegistrar" />
173-->[com.google.firebase:firebase-installations:19.0.0] AndroidManifest.xml:20:17-82
174            <meta-data
174-->[com.google.firebase:firebase-common:22.0.0] AndroidManifest.xml:35:13-37:85
175                android:name="com.google.firebase.components:com.google.firebase.FirebaseCommonKtxRegistrar"
175-->[com.google.firebase:firebase-common:22.0.0] AndroidManifest.xml:36:17-109
176                android:value="com.google.firebase.components.ComponentRegistrar" />
176-->[com.google.firebase:firebase-common:22.0.0] AndroidManifest.xml:37:17-82
177            <meta-data
177-->[com.google.firebase:firebase-datatransport:18.2.0] AndroidManifest.xml:25:13-27:85
178                android:name="com.google.firebase.components:com.google.firebase.datatransport.TransportRegistrar"
178-->[com.google.firebase:firebase-datatransport:18.2.0] AndroidManifest.xml:26:17-115
179                android:value="com.google.firebase.components.ComponentRegistrar" />
179-->[com.google.firebase:firebase-datatransport:18.2.0] AndroidManifest.xml:27:17-82
180        </service>
181        <service
181-->[:firebase_messaging] AndroidManifest.xml:14:9-17:72
182            android:name="io.flutter.plugins.firebase.messaging.FlutterFirebaseMessagingBackgroundService"
182-->[:firebase_messaging] AndroidManifest.xml:15:13-107
183            android:exported="false"
183-->[:firebase_messaging] AndroidManifest.xml:16:13-37
184            android:permission="android.permission.BIND_JOB_SERVICE" />
184-->[:firebase_messaging] AndroidManifest.xml:17:13-69
185        <service
185-->[:firebase_messaging] AndroidManifest.xml:18:9-24:19
186            android:name="io.flutter.plugins.firebase.messaging.FlutterFirebaseMessagingService"
186-->[:firebase_messaging] AndroidManifest.xml:19:13-97
187            android:exported="false" >
187-->[:firebase_messaging] AndroidManifest.xml:20:13-37
188            <intent-filter>
188-->[:firebase_messaging] AndroidManifest.xml:21:13-23:29
189                <action android:name="com.google.firebase.MESSAGING_EVENT" />
189-->[:firebase_messaging] AndroidManifest.xml:22:17-78
189-->[:firebase_messaging] AndroidManifest.xml:22:25-75
190            </intent-filter>
191        </service>
192
193        <receiver
193-->[:firebase_messaging] AndroidManifest.xml:26:9-33:20
194            android:name="io.flutter.plugins.firebase.messaging.FlutterFirebaseMessagingReceiver"
194-->[:firebase_messaging] AndroidManifest.xml:27:13-98
195            android:exported="true"
195-->[:firebase_messaging] AndroidManifest.xml:28:13-36
196            android:permission="com.google.android.c2dm.permission.SEND" >
196-->[:firebase_messaging] AndroidManifest.xml:29:13-73
197            <intent-filter>
197-->[:firebase_messaging] AndroidManifest.xml:30:13-32:29
198                <action android:name="com.google.android.c2dm.intent.RECEIVE" />
198-->[:firebase_messaging] AndroidManifest.xml:31:17-81
198-->[:firebase_messaging] AndroidManifest.xml:31:25-78
199            </intent-filter>
200        </receiver>
201
202        <provider
202-->[:firebase_messaging] AndroidManifest.xml:41:9-45:38
203            android:name="io.flutter.plugins.firebase.messaging.FlutterFirebaseMessagingInitProvider"
203-->[:firebase_messaging] AndroidManifest.xml:42:13-102
204            android:authorities="com.example.mssyb.flutterfirebasemessaginginitprovider"
204-->[:firebase_messaging] AndroidManifest.xml:43:13-88
205            android:exported="false"
205-->[:firebase_messaging] AndroidManifest.xml:44:13-37
206            android:initOrder="99" />
206-->[:firebase_messaging] AndroidManifest.xml:45:13-35
207        <provider
207-->[:image_picker_android] AndroidManifest.xml:9:9-17:20
208            android:name="io.flutter.plugins.imagepicker.ImagePickerFileProvider"
208-->[:image_picker_android] AndroidManifest.xml:10:13-82
209            android:authorities="com.example.mssyb.flutter.image_provider"
209-->[:image_picker_android] AndroidManifest.xml:11:13-74
210            android:exported="false"
210-->[:image_picker_android] AndroidManifest.xml:12:13-37
211            android:grantUriPermissions="true" >
211-->[:image_picker_android] AndroidManifest.xml:13:13-47
212            <meta-data
212-->[:image_picker_android] AndroidManifest.xml:14:13-16:75
213                android:name="android.support.FILE_PROVIDER_PATHS"
213-->[:image_picker_android] AndroidManifest.xml:15:17-67
214                android:resource="@xml/flutter_image_picker_file_paths" />
214-->[:image_picker_android] AndroidManifest.xml:16:17-72
215        </provider> <!-- Trigger Google Play services to install the backported photo picker module. -->
216        <service
216-->[:image_picker_android] AndroidManifest.xml:19:9-31:19
217            android:name="com.google.android.gms.metadata.ModuleDependencies"
217-->[:image_picker_android] AndroidManifest.xml:20:13-78
218            android:enabled="false"
218-->[:image_picker_android] AndroidManifest.xml:21:13-36
219            android:exported="false" >
219-->[:image_picker_android] AndroidManifest.xml:22:13-37
220            <intent-filter>
220-->[:image_picker_android] AndroidManifest.xml:24:13-26:29
221                <action android:name="com.google.android.gms.metadata.MODULE_DEPENDENCIES" />
221-->[:image_picker_android] AndroidManifest.xml:25:17-94
221-->[:image_picker_android] AndroidManifest.xml:25:25-91
222            </intent-filter>
223
224            <meta-data
224-->[:image_picker_android] AndroidManifest.xml:28:13-30:36
225                android:name="photopicker_activity:0:required"
225-->[:image_picker_android] AndroidManifest.xml:29:17-63
226                android:value="" />
226-->[:image_picker_android] AndroidManifest.xml:30:17-33
227        </service>
228        <service
228-->[:geolocator_android] AndroidManifest.xml:8:9-12:56
229            android:name="com.baseflow.geolocator.GeolocatorLocationService"
229-->[:geolocator_android] AndroidManifest.xml:9:13-77
230            android:enabled="true"
230-->[:geolocator_android] AndroidManifest.xml:10:13-35
231            android:exported="false"
231-->[:geolocator_android] AndroidManifest.xml:11:13-37
232            android:foregroundServiceType="location" />
232-->[:geolocator_android] AndroidManifest.xml:12:13-53
233
234        <activity
234-->[:url_launcher_android] AndroidManifest.xml:8:9-11:74
235            android:name="io.flutter.plugins.urllauncher.WebViewActivity"
235-->[:url_launcher_android] AndroidManifest.xml:9:13-74
236            android:exported="false"
236-->[:url_launcher_android] AndroidManifest.xml:10:13-37
237            android:theme="@android:style/Theme.NoTitleBar.Fullscreen" />
237-->[:url_launcher_android] AndroidManifest.xml:11:13-71
238        <activity
238-->[com.google.firebase:firebase-auth:24.0.1] AndroidManifest.xml:29:9-46:20
239            android:name="com.google.firebase.auth.internal.GenericIdpActivity"
239-->[com.google.firebase:firebase-auth:24.0.1] AndroidManifest.xml:30:13-80
240            android:excludeFromRecents="true"
240-->[com.google.firebase:firebase-auth:24.0.1] AndroidManifest.xml:31:13-46
241            android:exported="true"
241-->[com.google.firebase:firebase-auth:24.0.1] AndroidManifest.xml:32:13-36
242            android:launchMode="singleTask"
242-->[com.google.firebase:firebase-auth:24.0.1] AndroidManifest.xml:33:13-44
243            android:theme="@android:style/Theme.Translucent.NoTitleBar" >
243-->[com.google.firebase:firebase-auth:24.0.1] AndroidManifest.xml:34:13-72
244            <intent-filter>
244-->[com.google.firebase:firebase-auth:24.0.1] AndroidManifest.xml:35:13-45:29
245                <action android:name="android.intent.action.VIEW" />
245-->[com.google.firebase:firebase-auth:24.0.1] AndroidManifest.xml:36:17-69
245-->[com.google.firebase:firebase-auth:24.0.1] AndroidManifest.xml:36:25-66
246
247                <category android:name="android.intent.category.DEFAULT" />
247-->[com.google.firebase:firebase-auth:24.0.1] AndroidManifest.xml:38:17-76
247-->[com.google.firebase:firebase-auth:24.0.1] AndroidManifest.xml:38:27-73
248                <category android:name="android.intent.category.BROWSABLE" />
248-->[com.google.firebase:firebase-auth:24.0.1] AndroidManifest.xml:39:17-78
248-->[com.google.firebase:firebase-auth:24.0.1] AndroidManifest.xml:39:27-75
249
250                <data
250-->src\main\AndroidManifest.xml:42:13-50
251                    android:host="firebase.auth"
252                    android:path="/"
253                    android:scheme="genericidp" />
254            </intent-filter>
255        </activity>
256        <activity
256-->[com.google.firebase:firebase-auth:24.0.1] AndroidManifest.xml:47:9-64:20
257            android:name="com.google.firebase.auth.internal.RecaptchaActivity"
257-->[com.google.firebase:firebase-auth:24.0.1] AndroidManifest.xml:48:13-79
258            android:excludeFromRecents="true"
258-->[com.google.firebase:firebase-auth:24.0.1] AndroidManifest.xml:49:13-46
259            android:exported="true"
259-->[com.google.firebase:firebase-auth:24.0.1] AndroidManifest.xml:50:13-36
260            android:launchMode="singleTask"
260-->[com.google.firebase:firebase-auth:24.0.1] AndroidManifest.xml:51:13-44
261            android:theme="@android:style/Theme.Translucent.NoTitleBar" >
261-->[com.google.firebase:firebase-auth:24.0.1] AndroidManifest.xml:52:13-72
262            <intent-filter>
262-->[com.google.firebase:firebase-auth:24.0.1] AndroidManifest.xml:53:13-63:29
263                <action android:name="android.intent.action.VIEW" />
263-->[com.google.firebase:firebase-auth:24.0.1] AndroidManifest.xml:36:17-69
263-->[com.google.firebase:firebase-auth:24.0.1] AndroidManifest.xml:36:25-66
264
265                <category android:name="android.intent.category.DEFAULT" />
265-->[com.google.firebase:firebase-auth:24.0.1] AndroidManifest.xml:38:17-76
265-->[com.google.firebase:firebase-auth:24.0.1] AndroidManifest.xml:38:27-73
266                <category android:name="android.intent.category.BROWSABLE" />
266-->[com.google.firebase:firebase-auth:24.0.1] AndroidManifest.xml:39:17-78
266-->[com.google.firebase:firebase-auth:24.0.1] AndroidManifest.xml:39:27-75
267
268                <data
268-->src\main\AndroidManifest.xml:42:13-50
269                    android:host="firebase.auth"
270                    android:path="/"
271                    android:scheme="recaptcha" />
272            </intent-filter>
273        </activity>
274
275        <uses-library